2025-10-30 14:32:17,898 - ai - INFO - ✓ Environment variables validated successfully
2025-10-30 14:32:18,048 - ai - INFO - ✓ AI models initialized successfully
2025-10-30 14:32:18,048 - ai - INFO - ============================================================
2025-10-30 14:32:18,049 - ai - INFO - MinAI initialized successfully
2025-10-30 14:32:18,049 - ai - INFO - Config: MAX_MESSAGES=14, KEEP_LAST=6
2025-10-30 14:32:18,049 - ai - INFO - ============================================================
2025-10-30 14:32:18,050 - main - INFO - ✓ Static files mounted from: /home/riturajprofile/chatbot/basic-ai/static
2025-10-30 14:32:18,065 - main - INFO - ============================================================
2025-10-30 14:32:18,066 - main - INFO - MinAI API Server Starting
2025-10-30 14:32:18,066 - main - INFO - Static directory: /home/riturajprofile/chatbot/basic-ai/static
2025-10-30 14:32:18,066 - main - INFO - Max file size: 10.0MB
2025-10-30 14:32:18,066 - main - INFO - Max message length: 10000 chars
2025-10-30 14:32:18,067 - main - INFO - ============================================================
2025-10-30 14:32:36,814 - main - INFO - Chat request from 127.0.0.1 - Mode: learning
2025-10-30 14:32:36,817 - ai - INFO - Processing request - User: 127.0.0.1, Mode: learning
2025-10-30 14:32:36,817 - ai - INFO - Initialized new history for user: 127.0.0.1
2025-10-30 14:32:36,821 - ai - INFO - Calling AI model for user: 127.0.0.1
2025-10-30 14:32:38,673 - httpx - INFO - HTTP Request: POST https://api.openai.com/v1/chat/completions "HTTP/1.1 401 Unauthorized"
2025-10-30 14:32:38,685 - ai - ERROR - Unexpected error for user 127.0.0.1: status_code: 401, model_name: gpt-4o, body: {'message': 'Your authentication token is not from a valid issuer.', 'type': 'invalid_request_error', 'param': None, 'code': 'invalid_issuer'}
Traceback (most recent call last):
  File "/home/riturajprofile/chatbot/basic-ai/.venv/lib/python3.13/site-packages/pydantic_ai/models/openai.py", line 487, in _completions_create
    return await self.client.chat.completions.create(
           ^^^^^^^^^^^^^^^^^^^^^^^^^^^^^^^^^^^^^^^^^^
    ...<26 lines>...
    )
    ^
  File "/home/riturajprofile/chatbot/basic-ai/.venv/lib/python3.13/site-packages/openai/resources/chat/completions/completions.py", line 2603, in create
    return await self._post(
           ^^^^^^^^^^^^^^^^^
    ...<48 lines>...
    )
    ^
  File "/home/riturajprofile/chatbot/basic-ai/.venv/lib/python3.13/site-packages/openai/_base_client.py", line 1794, in post
    return await self.request(cast_to, opts, stream=stream, stream_cls=stream_cls)
           ^^^^^^^^^^^^^^^^^^^^^^^^^^^^^^^^^^^^^^^^^^^^^^^^^^^^^^^^^^^^^^^^^^^^^^^
  File "/home/riturajprofile/chatbot/basic-ai/.venv/lib/python3.13/site-packages/openai/_base_client.py", line 1594, in request
    raise self._make_status_error_from_response(err.response) from None
openai.AuthenticationError: Error code: 401 - {'error': {'message': 'Your authentication token is not from a valid issuer.', 'type': 'invalid_request_error', 'param': None, 'code': 'invalid_issuer'}}

The above exception was the direct cause of the following exception:

Traceback (most recent call last):
  File "/home/riturajprofile/chatbot/basic-ai/ai.py", line 517, in get_ai_response
    response = agent.run_sync(user_input, message_history=message_history)
  File "/home/riturajprofile/chatbot/basic-ai/.venv/lib/python3.13/site-packages/pydantic_ai/agent/abstract.py", line 338, in run_sync
    return get_event_loop().run_until_complete(
           ~~~~~~~~~~~~~~~~~~~~~~~~~~~~~~~~~~~^
        self.run(
        ^^^^^^^^^
    ...<13 lines>...
        )
        ^
    )
    ^
  File "/home/riturajprofile/.pyenv/versions/3.13.7/lib/python3.13/asyncio/base_events.py", line 725, in run_until_complete
    return future.result()
           ~~~~~~~~~~~~~^^
  File "/home/riturajprofile/chatbot/basic-ai/.venv/lib/python3.13/site-packages/pydantic_ai/agent/abstract.py", line 235, in run
    async for node in agent_run:
    ...<4 lines>...
                await event_stream_handler(_agent_graph.build_run_context(agent_run.ctx), stream)
  File "/home/riturajprofile/chatbot/basic-ai/.venv/lib/python3.13/site-packages/pydantic_ai/run.py", line 150, in __anext__
    next_node = await self._graph_run.__anext__()
                ^^^^^^^^^^^^^^^^^^^^^^^^^^^^^^^^^
  File "/home/riturajprofile/chatbot/basic-ai/.venv/lib/python3.13/site-packages/pydantic_graph/graph.py", line 758, in __anext__
    return await self.next(self._next_node)
           ^^^^^^^^^^^^^^^^^^^^^^^^^^^^^^^^
  File "/home/riturajprofile/chatbot/basic-ai/.venv/lib/python3.13/site-packages/pydantic_graph/graph.py", line 731, in next
    self._next_node = await node.run(ctx)
                      ^^^^^^^^^^^^^^^^^^^
  File "/home/riturajprofile/chatbot/basic-ai/.venv/lib/python3.13/site-packages/pydantic_ai/_agent_graph.py", line 397, in run
    return await self._make_request(ctx)
           ^^^^^^^^^^^^^^^^^^^^^^^^^^^^^
  File "/home/riturajprofile/chatbot/basic-ai/.venv/lib/python3.13/site-packages/pydantic_ai/_agent_graph.py", line 439, in _make_request
    model_response = await ctx.deps.model.request(message_history, model_settings, model_request_parameters)
                     ^^^^^^^^^^^^^^^^^^^^^^^^^^^^^^^^^^^^^^^^^^^^^^^^^^^^^^^^^^^^^^^^^^^^^^^^^^^^^^^^^^^^^^^
  File "/home/riturajprofile/chatbot/basic-ai/.venv/lib/python3.13/site-packages/pydantic_ai/models/openai.py", line 405, in request
    response = await self._completions_create(
               ^^^^^^^^^^^^^^^^^^^^^^^^^^^^^^^
        messages, False, cast(OpenAIChatModelSettings, model_settings or {}), model_request_parameters
        ^^^^^^^^^^^^^^^^^^^^^^^^^^^^^^^^^^^^^^^^^^^^^^^^^^^^^^^^^^^^^^^^^^^^^^^^^^^^^^^^^^^^^^^^^^^^^^
    )
    ^
  File "/home/riturajprofile/chatbot/basic-ai/.venv/lib/python3.13/site-packages/pydantic_ai/models/openai.py", line 517, in _completions_create
    raise ModelHTTPError(status_code=status_code, model_name=self.model_name, body=e.body) from e
pydantic_ai.exceptions.ModelHTTPError: status_code: 401, model_name: gpt-4o, body: {'message': 'Your authentication token is not from a valid issuer.', 'type': 'invalid_request_error', 'param': None, 'code': 'invalid_issuer'}
2025-10-30 14:32:38,709 - main - WARNING - AI response failed for 127.0.0.1: internal_error
2025-10-30 14:32:38,709 - main - WARNING - HTTP 500: Internal error - Path: /chat
2025-10-30 14:32:55,020 - main - INFO - Chat request from 127.0.0.1 - Mode: learning
2025-10-30 14:32:55,021 - ai - INFO - Processing request - User: 127.0.0.1, Mode: learning
2025-10-30 14:32:55,021 - ai - INFO - Calling AI model for user: 127.0.0.1
2025-10-30 14:32:56,079 - httpx - INFO - HTTP Request: POST https://api.openai.com/v1/chat/completions "HTTP/1.1 401 Unauthorized"
2025-10-30 14:32:56,081 - ai - ERROR - Unexpected error for user 127.0.0.1: status_code: 401, model_name: gpt-4o, body: {'message': 'Your authentication token is not from a valid issuer.', 'type': 'invalid_request_error', 'param': None, 'code': 'invalid_issuer'}
Traceback (most recent call last):
  File "/home/riturajprofile/chatbot/basic-ai/.venv/lib/python3.13/site-packages/pydantic_ai/models/openai.py", line 487, in _completions_create
    return await self.client.chat.completions.create(
           ^^^^^^^^^^^^^^^^^^^^^^^^^^^^^^^^^^^^^^^^^^
    ...<26 lines>...
    )
    ^
  File "/home/riturajprofile/chatbot/basic-ai/.venv/lib/python3.13/site-packages/openai/resources/chat/completions/completions.py", line 2603, in create
    return await self._post(
           ^^^^^^^^^^^^^^^^^
    ...<48 lines>...
    )
    ^
  File "/home/riturajprofile/chatbot/basic-ai/.venv/lib/python3.13/site-packages/openai/_base_client.py", line 1794, in post
    return await self.request(cast_to, opts, stream=stream, stream_cls=stream_cls)
           ^^^^^^^^^^^^^^^^^^^^^^^^^^^^^^^^^^^^^^^^^^^^^^^^^^^^^^^^^^^^^^^^^^^^^^^
  File "/home/riturajprofile/chatbot/basic-ai/.venv/lib/python3.13/site-packages/openai/_base_client.py", line 1594, in request
    raise self._make_status_error_from_response(err.response) from None
openai.AuthenticationError: Error code: 401 - {'error': {'message': 'Your authentication token is not from a valid issuer.', 'type': 'invalid_request_error', 'param': None, 'code': 'invalid_issuer'}}

The above exception was the direct cause of the following exception:

Traceback (most recent call last):
  File "/home/riturajprofile/chatbot/basic-ai/ai.py", line 517, in get_ai_response
    response = agent.run_sync(user_input, message_history=message_history)
  File "/home/riturajprofile/chatbot/basic-ai/.venv/lib/python3.13/site-packages/pydantic_ai/agent/abstract.py", line 338, in run_sync
    return get_event_loop().run_until_complete(
           ~~~~~~~~~~~~~~~~~~~~~~~~~~~~~~~~~~~^
        self.run(
        ^^^^^^^^^
    ...<13 lines>...
        )
        ^
    )
    ^
  File "/home/riturajprofile/.pyenv/versions/3.13.7/lib/python3.13/asyncio/base_events.py", line 725, in run_until_complete
    return future.result()
           ~~~~~~~~~~~~~^^
  File "/home/riturajprofile/chatbot/basic-ai/.venv/lib/python3.13/site-packages/pydantic_ai/agent/abstract.py", line 235, in run
    async for node in agent_run:
    ...<4 lines>...
                await event_stream_handler(_agent_graph.build_run_context(agent_run.ctx), stream)
  File "/home/riturajprofile/chatbot/basic-ai/.venv/lib/python3.13/site-packages/pydantic_ai/run.py", line 150, in __anext__
    next_node = await self._graph_run.__anext__()
                ^^^^^^^^^^^^^^^^^^^^^^^^^^^^^^^^^
  File "/home/riturajprofile/chatbot/basic-ai/.venv/lib/python3.13/site-packages/pydantic_graph/graph.py", line 758, in __anext__
    return await self.next(self._next_node)
           ^^^^^^^^^^^^^^^^^^^^^^^^^^^^^^^^
  File "/home/riturajprofile/chatbot/basic-ai/.venv/lib/python3.13/site-packages/pydantic_graph/graph.py", line 731, in next
    self._next_node = await node.run(ctx)
                      ^^^^^^^^^^^^^^^^^^^
  File "/home/riturajprofile/chatbot/basic-ai/.venv/lib/python3.13/site-packages/pydantic_ai/_agent_graph.py", line 397, in run
    return await self._make_request(ctx)
           ^^^^^^^^^^^^^^^^^^^^^^^^^^^^^
  File "/home/riturajprofile/chatbot/basic-ai/.venv/lib/python3.13/site-packages/pydantic_ai/_agent_graph.py", line 439, in _make_request
    model_response = await ctx.deps.model.request(message_history, model_settings, model_request_parameters)
                     ^^^^^^^^^^^^^^^^^^^^^^^^^^^^^^^^^^^^^^^^^^^^^^^^^^^^^^^^^^^^^^^^^^^^^^^^^^^^^^^^^^^^^^^
  File "/home/riturajprofile/chatbot/basic-ai/.venv/lib/python3.13/site-packages/pydantic_ai/models/openai.py", line 405, in request
    response = await self._completions_create(
               ^^^^^^^^^^^^^^^^^^^^^^^^^^^^^^^
        messages, False, cast(OpenAIChatModelSettings, model_settings or {}), model_request_parameters
        ^^^^^^^^^^^^^^^^^^^^^^^^^^^^^^^^^^^^^^^^^^^^^^^^^^^^^^^^^^^^^^^^^^^^^^^^^^^^^^^^^^^^^^^^^^^^^^
    )
    ^
  File "/home/riturajprofile/chatbot/basic-ai/.venv/lib/python3.13/site-packages/pydantic_ai/models/openai.py", line 517, in _completions_create
    raise ModelHTTPError(status_code=status_code, model_name=self.model_name, body=e.body) from e
pydantic_ai.exceptions.ModelHTTPError: status_code: 401, model_name: gpt-4o, body: {'message': 'Your authentication token is not from a valid issuer.', 'type': 'invalid_request_error', 'param': None, 'code': 'invalid_issuer'}
2025-10-30 14:32:56,094 - main - WARNING - AI response failed for 127.0.0.1: internal_error
2025-10-30 14:32:56,094 - main - WARNING - HTTP 500: Internal error - Path: /chat
2025-10-30 14:34:14,707 - main - INFO - MinAI API Server Shutting Down
2025-10-30 14:35:18,782 - ai - INFO - ✓ Environment variables validated successfully
2025-10-30 14:35:18,858 - ai - INFO - ✓ AI models initialized successfully
2025-10-30 14:35:18,858 - ai - INFO - ============================================================
2025-10-30 14:35:18,859 - ai - INFO - MinAI initialized successfully
2025-10-30 14:35:18,859 - ai - INFO - Config: MAX_MESSAGES=14, KEEP_LAST=6
2025-10-30 14:35:18,859 - ai - INFO - ============================================================
2025-10-30 14:35:18,861 - main - INFO - ✓ Static files mounted from: /home/riturajprofile/chatbot/basic-ai/static
2025-10-30 14:35:18,882 - main - INFO - ============================================================
2025-10-30 14:35:18,882 - main - INFO - MinAI API Server Starting
2025-10-30 14:35:18,882 - main - INFO - Static directory: /home/riturajprofile/chatbot/basic-ai/static
2025-10-30 14:35:18,883 - main - INFO - Max file size: 10.0MB
2025-10-30 14:35:18,883 - main - INFO - Max message length: 10000 chars
2025-10-30 14:35:18,883 - main - INFO - ============================================================
2025-10-30 14:35:27,760 - main - INFO - Chat request from 127.0.0.1 - Mode: learning
2025-10-30 14:35:27,760 - ai - INFO - Processing request - User: 127.0.0.1, Mode: learning
2025-10-30 14:35:27,761 - ai - INFO - Initialized new history for user: 127.0.0.1
2025-10-30 14:35:27,762 - ai - INFO - Calling AI model for user: 127.0.0.1
2025-10-30 14:35:30,953 - httpx - INFO - HTTP Request: POST https://aipipe.org/openrouter/v1/chat/completions "HTTP/1.1 200 OK"
2025-10-30 14:35:30,973 - ai - INFO - ✓ AI response received (34 characters)
2025-10-30 14:35:30,973 - ai - INFO - ✓ Request completed in 3.21s
2025-10-30 14:35:30,974 - main - INFO - ✓ Chat response sent to 127.0.0.1 (3.21s)
2025-10-30 14:35:50,051 - main - INFO - Chat request from 127.0.0.1 - Mode: learning
2025-10-30 14:35:50,052 - ai - INFO - Processing request - User: 127.0.0.1, Mode: learning
2025-10-30 14:35:50,052 - ai - INFO - Calling AI model for user: 127.0.0.1
2025-10-30 14:35:52,802 - httpx - INFO - HTTP Request: POST https://aipipe.org/openrouter/v1/chat/completions "HTTP/1.1 200 OK"
2025-10-30 14:35:52,804 - ai - INFO - ✓ AI response received (103 characters)
2025-10-30 14:35:52,805 - ai - INFO - ✓ Request completed in 2.75s
2025-10-30 14:35:52,805 - main - INFO - ✓ Chat response sent to 127.0.0.1 (2.75s)
2025-10-30 14:39:06,283 - ai - INFO - ✓ Environment variables validated successfully
2025-10-30 14:39:06,346 - ai - INFO - ✓ AI models initialized successfully
2025-10-30 14:39:06,347 - ai - INFO - ============================================================
2025-10-30 14:39:06,347 - ai - INFO - MinAI initialized successfully
2025-10-30 14:39:06,347 - ai - INFO - Config: MAX_MESSAGES=14, KEEP_LAST=6
2025-10-30 14:39:06,347 - ai - INFO - ============================================================
2025-10-30 14:39:06,348 - main - INFO - ✓ Static files mounted from: /home/riturajprofile/chatbot/basic-ai/static
2025-10-30 14:39:06,364 - main - INFO - ============================================================
2025-10-30 14:39:06,364 - main - INFO - MinAI API Server Starting
2025-10-30 14:39:06,364 - main - INFO - Static directory: /home/riturajprofile/chatbot/basic-ai/static
2025-10-30 14:39:06,364 - main - INFO - Max file size: 10.0MB
2025-10-30 14:39:06,364 - main - INFO - Max message length: 10000 chars
2025-10-30 14:39:06,365 - main - INFO - ============================================================
2025-10-30 14:46:12,674 - main - INFO - MinAI API Server Shutting Down
2025-10-30 14:51:15,400 - ai - INFO - ✓ Environment variables validated successfully
2025-10-30 14:51:15,540 - ai - INFO - ✓ AI models initialized successfully
2025-10-30 14:51:15,543 - ai - INFO - ============================================================
2025-10-30 14:51:15,544 - ai - INFO - MinAI initialized successfully
2025-10-30 14:51:15,545 - ai - INFO - Config: MAX_MESSAGES=14, KEEP_LAST=6
2025-10-30 14:51:15,546 - ai - INFO - ============================================================
2025-10-30 14:51:15,550 - main - INFO - ✓ Static files mounted from: /home/riturajprofile/chatbot/basic-ai/static
2025-10-30 14:51:15,593 - main - INFO - ============================================================
2025-10-30 14:51:15,594 - main - INFO - MinAI API Server Starting
2025-10-30 14:51:15,594 - main - INFO - Static directory: /home/riturajprofile/chatbot/basic-ai/static
2025-10-30 14:51:15,595 - main - INFO - Max file size: 10.0MB
2025-10-30 14:51:15,596 - main - INFO - Max message length: 10000 chars
2025-10-30 14:51:15,596 - main - INFO - ============================================================
2025-10-30 14:52:18,265 - main - INFO - Chat request from 127.0.0.1 - Mode: standard
2025-10-30 14:52:18,266 - ai - INFO - Processing request - User: 127.0.0.1, Mode: standard
2025-10-30 14:52:18,267 - ai - INFO - Initialized new history for user: 127.0.0.1
2025-10-30 14:52:18,268 - ai - INFO - Calling AI model for user: 127.0.0.1
2025-10-30 14:52:21,524 - httpx - INFO - HTTP Request: POST https://aipipe.org/openrouter/v1/chat/completions "HTTP/1.1 200 OK"
2025-10-30 14:52:21,535 - ai - INFO - ✓ AI response received (32 characters)
2025-10-30 14:52:21,535 - ai - INFO - ✓ Request completed in 3.27s
2025-10-30 14:52:21,536 - main - INFO - ✓ Chat response sent to 127.0.0.1 (3.27s)
2025-10-30 14:56:55,748 - main - INFO - MinAI API Server Shutting Down
2025-10-30 14:57:00,090 - ai - INFO - ✓ Environment variables validated successfully
2025-10-30 14:57:00,170 - ai - INFO - ✓ AI models initialized successfully
2025-10-30 14:57:00,172 - ai - INFO - ============================================================
2025-10-30 14:57:00,173 - ai - INFO - MinAI initialized successfully
2025-10-30 14:57:00,173 - ai - INFO - Config: MAX_MESSAGES=14, KEEP_LAST=6
2025-10-30 14:57:00,173 - ai - INFO - ============================================================
2025-10-30 14:57:00,175 - main - INFO - ✓ Static files mounted from: /home/riturajprofile/chatbot/basic-ai/static
2025-10-30 14:57:00,202 - main - INFO - ============================================================
2025-10-30 14:57:00,203 - main - INFO - MinAI API Server Starting
2025-10-30 14:57:00,203 - main - INFO - Static directory: /home/riturajprofile/chatbot/basic-ai/static
2025-10-30 14:57:00,204 - main - INFO - Max file size: 10.0MB
2025-10-30 14:57:00,205 - main - INFO - Max message length: 10000 chars
2025-10-30 14:57:00,205 - main - INFO - ============================================================
2025-10-30 14:58:00,267 - main - INFO - MinAI API Server Shutting Down
2025-10-30 14:58:02,351 - ai - INFO - ✓ Environment variables validated successfully
2025-10-30 14:58:02,397 - ai - INFO - ✓ AI models initialized successfully
2025-10-30 14:58:02,398 - ai - INFO - ============================================================
2025-10-30 14:58:02,398 - ai - INFO - MinAI initialized successfully
2025-10-30 14:58:02,398 - ai - INFO - Config: MAX_MESSAGES=14, KEEP_LAST=6
2025-10-30 14:58:02,398 - ai - INFO - ============================================================
2025-10-30 14:58:02,400 - main - INFO - ✓ Static files mounted from: /home/riturajprofile/chatbot/basic-ai/static
2025-10-30 14:58:02,413 - main - INFO - ============================================================
2025-10-30 14:58:02,414 - main - INFO - MinAI API Server Starting
2025-10-30 14:58:02,414 - main - INFO - Static directory: /home/riturajprofile/chatbot/basic-ai/static
2025-10-30 14:58:02,414 - main - INFO - Max file size: 10.0MB
2025-10-30 14:58:02,414 - main - INFO - Max message length: 10000 chars
2025-10-30 14:58:02,415 - main - INFO - ============================================================
2025-10-30 14:58:14,284 - main - INFO - MinAI API Server Shutting Down
2025-10-30 14:58:16,834 - ai - INFO - ✓ Environment variables validated successfully
2025-10-30 14:58:16,873 - ai - INFO - ✓ AI models initialized successfully
2025-10-30 14:58:16,873 - ai - INFO - ============================================================
2025-10-30 14:58:16,874 - ai - INFO - MinAI initialized successfully
2025-10-30 14:58:16,874 - ai - INFO - Config: MAX_MESSAGES=14, KEEP_LAST=6
2025-10-30 14:58:16,874 - ai - INFO - ============================================================
2025-10-30 14:58:16,875 - main - INFO - ✓ Static files mounted from: /home/riturajprofile/chatbot/basic-ai/static
2025-10-30 14:58:16,891 - main - INFO - ============================================================
2025-10-30 14:58:16,891 - main - INFO - MinAI API Server Starting
2025-10-30 14:58:16,892 - main - INFO - Static directory: /home/riturajprofile/chatbot/basic-ai/static
2025-10-30 14:58:16,892 - main - INFO - Max file size: 10.0MB
2025-10-30 14:58:16,892 - main - INFO - Max message length: 10000 chars
2025-10-30 14:58:16,892 - main - INFO - ============================================================
2025-10-30 14:58:17,196 - main - INFO - MinAI API Server Shutting Down
2025-10-30 14:58:19,270 - ai - INFO - ✓ Environment variables validated successfully
2025-10-30 14:58:19,337 - ai - INFO - ✓ AI models initialized successfully
2025-10-30 14:58:19,338 - ai - INFO - ============================================================
2025-10-30 14:58:19,339 - ai - INFO - MinAI initialized successfully
2025-10-30 14:58:19,339 - ai - INFO - Config: MAX_MESSAGES=14, KEEP_LAST=6
2025-10-30 14:58:19,340 - ai - INFO - ============================================================
2025-10-30 14:58:19,344 - main - INFO - ✓ Static files mounted from: /home/riturajprofile/chatbot/basic-ai/static
2025-10-30 14:58:19,368 - main - INFO - ============================================================
2025-10-30 14:58:19,368 - main - INFO - MinAI API Server Starting
2025-10-30 14:58:19,368 - main - INFO - Static directory: /home/riturajprofile/chatbot/basic-ai/static
2025-10-30 14:58:19,369 - main - INFO - Max file size: 10.0MB
2025-10-30 14:58:19,369 - main - INFO - Max message length: 10000 chars
2025-10-30 14:58:19,369 - main - INFO - ============================================================
2025-10-30 14:58:21,893 - main - INFO - MinAI API Server Shutting Down
2025-10-30 14:58:23,945 - google_sheets_logger - INFO - ⚠ Google Sheets logging disabled (set GOOGLE_SHEETS_ENABLED=true)
2025-10-30 14:58:23,946 - ai - INFO - ✓ Google Sheets logging module loaded
2025-10-30 14:58:23,947 - ai - INFO - ✓ Environment variables validated successfully
2025-10-30 14:58:24,003 - ai - INFO - ✓ AI models initialized successfully
2025-10-30 14:58:24,004 - ai - INFO - ============================================================
2025-10-30 14:58:24,004 - ai - INFO - MinAI initialized successfully
2025-10-30 14:58:24,004 - ai - INFO - Config: MAX_MESSAGES=14, KEEP_LAST=6
2025-10-30 14:58:24,004 - ai - INFO - ============================================================
2025-10-30 14:58:24,005 - main - INFO - ✓ Static files mounted from: /home/riturajprofile/chatbot/basic-ai/static
2025-10-30 14:58:24,022 - main - INFO - ============================================================
2025-10-30 14:58:24,022 - main - INFO - MinAI API Server Starting
2025-10-30 14:58:24,022 - main - INFO - Static directory: /home/riturajprofile/chatbot/basic-ai/static
2025-10-30 14:58:24,022 - main - INFO - Max file size: 10.0MB
2025-10-30 14:58:24,022 - main - INFO - Max message length: 10000 chars
2025-10-30 14:58:24,022 - main - INFO - ============================================================
2025-10-30 14:58:26,850 - main - INFO - MinAI API Server Shutting Down
2025-10-30 14:58:28,482 - google_sheets_logger - INFO - ⚠ Google Sheets logging disabled (set GOOGLE_SHEETS_ENABLED=true)
2025-10-30 14:58:28,483 - ai - INFO - ✓ Google Sheets logging module loaded
2025-10-30 14:58:28,483 - ai - INFO - ✓ Environment variables validated successfully
2025-10-30 14:58:28,573 - ai - INFO - ✓ AI models initialized successfully
2025-10-30 14:58:28,574 - ai - INFO - ============================================================
2025-10-30 14:58:28,574 - ai - INFO - MinAI initialized successfully
2025-10-30 14:58:28,574 - ai - INFO - Config: MAX_MESSAGES=14, KEEP_LAST=6
2025-10-30 14:58:28,575 - ai - INFO - ============================================================
2025-10-30 14:58:28,577 - main - INFO - ✓ Static files mounted from: /home/riturajprofile/chatbot/basic-ai/static
2025-10-30 14:58:28,599 - main - INFO - ============================================================
2025-10-30 14:58:28,600 - main - INFO - MinAI API Server Starting
2025-10-30 14:58:28,600 - main - INFO - Static directory: /home/riturajprofile/chatbot/basic-ai/static
2025-10-30 14:58:28,600 - main - INFO - Max file size: 10.0MB
2025-10-30 14:58:28,601 - main - INFO - Max message length: 10000 chars
2025-10-30 14:58:28,601 - main - INFO - ============================================================
2025-10-30 14:58:41,584 - main - INFO - MinAI API Server Shutting Down
2025-10-30 14:58:44,041 - google_sheets_logger - INFO - ⚠ Google Sheets logging disabled (set GOOGLE_SHEETS_ENABLED=true)
2025-10-30 14:58:44,041 - ai - INFO - ✓ Google Sheets logging module loaded
2025-10-30 14:58:44,042 - ai - INFO - ✓ Environment variables validated successfully
2025-10-30 14:58:44,086 - ai - INFO - ✓ AI models initialized successfully
2025-10-30 14:58:44,087 - ai - INFO - ============================================================
2025-10-30 14:58:44,087 - ai - INFO - MinAI initialized successfully
2025-10-30 14:58:44,087 - ai - INFO - Config: MAX_MESSAGES=14, KEEP_LAST=6
2025-10-30 14:58:44,087 - ai - INFO - ============================================================
2025-10-30 14:58:44,089 - main - INFO - ✓ Static files mounted from: /home/riturajprofile/chatbot/basic-ai/static
2025-10-30 14:58:44,103 - main - INFO - ============================================================
2025-10-30 14:58:44,103 - main - INFO - MinAI API Server Starting
2025-10-30 14:58:44,103 - main - INFO - Static directory: /home/riturajprofile/chatbot/basic-ai/static
2025-10-30 14:58:44,103 - main - INFO - Max file size: 10.0MB
2025-10-30 14:58:44,104 - main - INFO - Max message length: 10000 chars
2025-10-30 14:58:44,104 - main - INFO - ============================================================
2025-10-30 14:58:48,224 - main - INFO - MinAI API Server Shutting Down
2025-10-30 14:58:49,953 - google_sheets_logger - INFO - ⚠ Google Sheets logging disabled (set GOOGLE_SHEETS_ENABLED=true)
2025-10-30 14:58:49,953 - ai - INFO - ✓ Google Sheets logging module loaded
2025-10-30 14:58:49,955 - ai - INFO - ✓ Environment variables validated successfully
2025-10-30 14:58:50,000 - ai - INFO - ✓ AI models initialized successfully
2025-10-30 14:58:50,001 - ai - INFO - ============================================================
2025-10-30 14:58:50,001 - ai - INFO - MinAI initialized successfully
2025-10-30 14:58:50,001 - ai - INFO - Config: MAX_MESSAGES=14, KEEP_LAST=6
2025-10-30 14:58:50,001 - ai - INFO - ============================================================
2025-10-30 14:58:50,003 - main - INFO - ✓ Static files mounted from: /home/riturajprofile/chatbot/basic-ai/static
2025-10-30 14:58:50,016 - main - INFO - ============================================================
2025-10-30 14:58:50,016 - main - INFO - MinAI API Server Starting
2025-10-30 14:58:50,016 - main - INFO - Static directory: /home/riturajprofile/chatbot/basic-ai/static
2025-10-30 14:58:50,016 - main - INFO - Max file size: 10.0MB
2025-10-30 14:58:50,016 - main - INFO - Max message length: 10000 chars
2025-10-30 14:58:50,016 - main - INFO - ============================================================
2025-10-30 14:58:59,513 - main - INFO - MinAI API Server Shutting Down
2025-10-30 14:59:04,093 - google_sheets_logger - INFO - ⚠ Google Sheets logging disabled (set GOOGLE_SHEETS_ENABLED=true)
2025-10-30 14:59:04,095 - ai - INFO - ✓ Google Sheets logging module loaded
2025-10-30 14:59:04,097 - ai - INFO - ✓ Environment variables validated successfully
2025-10-30 14:59:04,179 - ai - INFO - ✓ AI models initialized successfully
2025-10-30 14:59:04,181 - ai - INFO - ============================================================
2025-10-30 14:59:04,182 - ai - INFO - MinAI initialized successfully
2025-10-30 14:59:04,182 - ai - INFO - Config: MAX_MESSAGES=14, KEEP_LAST=6
2025-10-30 14:59:04,183 - ai - INFO - ============================================================
2025-10-30 14:59:04,187 - main - INFO - ✓ Static files mounted from: /home/riturajprofile/chatbot/basic-ai/static
2025-10-30 14:59:04,211 - main - INFO - ============================================================
2025-10-30 14:59:04,212 - main - INFO - MinAI API Server Starting
2025-10-30 14:59:04,213 - main - INFO - Static directory: /home/riturajprofile/chatbot/basic-ai/static
2025-10-30 14:59:04,213 - main - INFO - Max file size: 10.0MB
2025-10-30 14:59:04,213 - main - INFO - Max message length: 10000 chars
2025-10-30 14:59:04,214 - main - INFO - ============================================================
2025-10-30 14:59:24,257 - main - INFO - MinAI API Server Shutting Down
2025-10-30 14:59:27,992 - google_sheets_logger - INFO - ⚠ Google Sheets logging disabled (set GOOGLE_SHEETS_ENABLED=true)
2025-10-30 14:59:27,992 - ai - INFO - ✓ Google Sheets logging module loaded
2025-10-30 14:59:27,993 - ai - INFO - ✓ Environment variables validated successfully
2025-10-30 14:59:28,044 - ai - INFO - ✓ AI models initialized successfully
2025-10-30 14:59:28,045 - ai - INFO - ============================================================
2025-10-30 14:59:28,045 - ai - INFO - MinAI initialized successfully
2025-10-30 14:59:28,046 - ai - INFO - Config: MAX_MESSAGES=14, KEEP_LAST=6
2025-10-30 14:59:28,046 - ai - INFO - ============================================================
2025-10-30 14:59:28,047 - main - INFO - ✓ Static files mounted from: /home/riturajprofile/chatbot/basic-ai/static
2025-10-30 14:59:28,069 - main - INFO - ============================================================
2025-10-30 14:59:28,070 - main - INFO - MinAI API Server Starting
2025-10-30 14:59:28,071 - main - INFO - Static directory: /home/riturajprofile/chatbot/basic-ai/static
2025-10-30 14:59:28,072 - main - INFO - Max file size: 10.0MB
2025-10-30 14:59:28,072 - main - INFO - Max message length: 10000 chars
2025-10-30 14:59:28,073 - main - INFO - ============================================================
2025-10-30 14:59:52,007 - main - INFO - MinAI API Server Shutting Down
2025-10-30 14:59:53,687 - google_sheets_logger - INFO - ⚠ Google Sheets logging disabled (set GOOGLE_SHEETS_ENABLED=true)
2025-10-30 14:59:53,688 - ai - INFO - ✓ Google Sheets logging module loaded
2025-10-30 14:59:53,689 - ai - INFO - ✓ Environment variables validated successfully
2025-10-30 14:59:53,752 - ai - INFO - ✓ AI models initialized successfully
2025-10-30 14:59:53,753 - ai - INFO - ============================================================
2025-10-30 14:59:53,753 - ai - INFO - MinAI initialized successfully
2025-10-30 14:59:53,753 - ai - INFO - Config: MAX_MESSAGES=14, KEEP_LAST=6
2025-10-30 14:59:53,753 - ai - INFO - ============================================================
2025-10-30 14:59:53,755 - main - INFO - ✓ Static files mounted from: /home/riturajprofile/chatbot/basic-ai/static
2025-10-30 14:59:53,771 - main - INFO - ============================================================
2025-10-30 14:59:53,772 - main - INFO - MinAI API Server Starting
2025-10-30 14:59:53,773 - main - INFO - Static directory: /home/riturajprofile/chatbot/basic-ai/static
2025-10-30 14:59:53,774 - main - INFO - Max file size: 10.0MB
2025-10-30 14:59:53,774 - main - INFO - Max message length: 10000 chars
2025-10-30 14:59:53,774 - main - INFO - ============================================================
2025-10-30 15:00:24,162 - main - INFO - MinAI API Server Shutting Down
2025-10-30 15:00:27,451 - google_sheets_logger - INFO - ⚠ Google Sheets logging disabled (set GOOGLE_SHEETS_ENABLED=true)
2025-10-30 15:00:27,451 - ai - INFO - ✓ Google Sheets logging module loaded
2025-10-30 15:00:27,453 - ai - INFO - ✓ Environment variables validated successfully
2025-10-30 15:00:27,573 - ai - INFO - ✓ AI models initialized successfully
2025-10-30 15:00:27,575 - ai - INFO - ============================================================
2025-10-30 15:00:27,575 - ai - INFO - MinAI initialized successfully
2025-10-30 15:00:27,576 - ai - INFO - Config: MAX_MESSAGES=14, KEEP_LAST=6
2025-10-30 15:00:27,576 - ai - INFO - ============================================================
2025-10-30 15:00:27,584 - main - INFO - ✓ Static files mounted from: /home/riturajprofile/chatbot/basic-ai/static
2025-10-30 15:00:27,642 - main - INFO - ============================================================
2025-10-30 15:00:27,642 - main - INFO - MinAI API Server Starting
2025-10-30 15:00:27,643 - main - INFO - Static directory: /home/riturajprofile/chatbot/basic-ai/static
2025-10-30 15:00:27,643 - main - INFO - Max file size: 10.0MB
2025-10-30 15:00:27,643 - main - INFO - Max message length: 10000 chars
2025-10-30 15:00:27,643 - main - INFO - ============================================================
2025-10-30 15:00:28,049 - main - INFO - MinAI API Server Shutting Down
2025-10-30 15:00:33,524 - google_sheets_logger - INFO - ⚠ Google Sheets logging disabled (set GOOGLE_SHEETS_ENABLED=true)
2025-10-30 15:00:33,525 - ai - INFO - ✓ Google Sheets logging module loaded
2025-10-30 15:00:33,527 - ai - INFO - ✓ Environment variables validated successfully
2025-10-30 15:00:33,639 - ai - INFO - ✓ AI models initialized successfully
2025-10-30 15:00:33,640 - ai - INFO - ============================================================
2025-10-30 15:00:33,640 - ai - INFO - MinAI initialized successfully
2025-10-30 15:00:33,640 - ai - INFO - Config: MAX_MESSAGES=14, KEEP_LAST=6
2025-10-30 15:00:33,640 - ai - INFO - ============================================================
2025-10-30 15:00:33,644 - main - INFO - ✓ Static files mounted from: /home/riturajprofile/chatbot/basic-ai/static
2025-10-30 15:00:33,678 - main - INFO - ============================================================
2025-10-30 15:00:33,679 - main - INFO - MinAI API Server Starting
2025-10-30 15:00:33,679 - main - INFO - Static directory: /home/riturajprofile/chatbot/basic-ai/static
2025-10-30 15:00:33,679 - main - INFO - Max file size: 10.0MB
2025-10-30 15:00:33,679 - main - INFO - Max message length: 10000 chars
2025-10-30 15:00:33,679 - main - INFO - ============================================================
2025-10-30 15:01:42,353 - main - INFO - MinAI API Server Shutting Down
2025-10-30 15:01:46,616 - google_sheets_logger - INFO - ⚠ Google Sheets logging disabled (set GOOGLE_SHEETS_ENABLED=true)
2025-10-30 15:01:46,617 - ai - INFO - ✓ Google Sheets logging module loaded
2025-10-30 15:01:46,618 - ai - INFO - ✓ Environment variables validated successfully
2025-10-30 15:01:46,715 - ai - INFO - ✓ AI models initialized successfully
2025-10-30 15:01:46,717 - ai - INFO - ============================================================
2025-10-30 15:01:46,718 - ai - INFO - MinAI initialized successfully
2025-10-30 15:01:46,718 - ai - INFO - Config: MAX_MESSAGES=14, KEEP_LAST=6
2025-10-30 15:01:46,718 - ai - INFO - ============================================================
2025-10-30 15:01:46,722 - main - INFO - ✓ Static files mounted from: /home/riturajprofile/chatbot/basic-ai/static
2025-10-30 15:01:46,759 - main - INFO - ============================================================
2025-10-30 15:01:46,759 - main - INFO - MinAI API Server Starting
2025-10-30 15:01:46,759 - main - INFO - Static directory: /home/riturajprofile/chatbot/basic-ai/static
2025-10-30 15:01:46,760 - main - INFO - Max file size: 10.0MB
2025-10-30 15:01:46,760 - main - INFO - Max message length: 10000 chars
2025-10-30 15:01:46,760 - main - INFO - ============================================================
2025-10-30 16:12:23,203 - main - INFO - Chat request from 127.0.0.1 - Mode: standard
2025-10-30 16:12:23,204 - ai - INFO - Processing request - User: 127.0.0.1, Mode: standard
2025-10-30 16:12:23,204 - ai - INFO - Initialized new history for user: 127.0.0.1
2025-10-30 16:12:23,210 - ai - INFO - Calling AI model for user: 127.0.0.1
2025-10-30 16:12:26,441 - httpx - INFO - HTTP Request: POST https://aipipe.org/openrouter/v1/chat/completions "HTTP/1.1 200 OK"
2025-10-30 16:12:26,457 - ai - INFO - ✓ AI response received (32 characters)
2025-10-30 16:12:26,457 - ai - INFO - ✓ Request completed in 3.25s
2025-10-30 16:12:26,459 - main - INFO - ✓ Chat response sent to 127.0.0.1 (3.25s)
2025-10-30 16:13:59,155 - main - INFO - Chat request from 127.0.0.1 - Mode: standard
2025-10-30 16:13:59,159 - ai - INFO - Processing request - User: 127.0.0.1, Mode: standard
2025-10-30 16:13:59,160 - ai - INFO - Calling AI model for user: 127.0.0.1
2025-10-30 16:14:01,470 - httpx - INFO - HTTP Request: POST https://aipipe.org/openrouter/v1/chat/completions "HTTP/1.1 200 OK"
2025-10-30 16:14:01,473 - ai - INFO - ✓ AI response received (54 characters)
2025-10-30 16:14:01,474 - ai - INFO - ✓ Request completed in 2.32s
2025-10-30 16:14:01,474 - main - INFO - ✓ Chat response sent to 127.0.0.1 (2.32s)
2025-10-30 16:14:30,320 - main - INFO - Chat request from 127.0.0.1 - Mode: standard
2025-10-30 16:14:30,321 - ai - INFO - Processing request - User: 127.0.0.1, Mode: standard
2025-10-30 16:14:30,321 - ai - INFO - Calling AI model for user: 127.0.0.1
2025-10-30 16:14:32,599 - httpx - INFO - HTTP Request: POST https://aipipe.org/openrouter/v1/chat/completions "HTTP/1.1 200 OK"
2025-10-30 16:14:32,602 - ai - INFO - ✓ AI response received (75 characters)
2025-10-30 16:14:32,602 - ai - INFO - ✓ Request completed in 2.28s
2025-10-30 16:14:32,602 - main - INFO - ✓ Chat response sent to 127.0.0.1 (2.28s)
2025-10-30 16:14:49,692 - main - INFO - Chat request from 127.0.0.1 - Mode: standard
2025-10-30 16:14:49,693 - ai - INFO - Processing request - User: 127.0.0.1, Mode: standard
2025-10-30 16:14:49,693 - ai - INFO - Calling AI model for user: 127.0.0.1
2025-10-30 16:14:52,453 - httpx - INFO - HTTP Request: POST https://aipipe.org/openrouter/v1/chat/completions "HTTP/1.1 200 OK"
2025-10-30 16:14:52,454 - ai - INFO - ✓ AI response received (121 characters)
2025-10-30 16:14:52,454 - ai - INFO - ✓ Request completed in 2.76s
2025-10-30 16:14:52,454 - main - INFO - ✓ Chat response sent to 127.0.0.1 (2.76s)
2025-10-30 16:15:06,805 - main - INFO - Chat request from 127.0.0.1 - Mode: standard
2025-10-30 16:15:06,806 - ai - INFO - Processing request - User: 127.0.0.1, Mode: standard
2025-10-30 16:15:06,806 - ai - INFO - Calling AI model for user: 127.0.0.1
2025-10-30 16:15:10,013 - httpx - INFO - HTTP Request: POST https://aipipe.org/openrouter/v1/chat/completions "HTTP/1.1 200 OK"
2025-10-30 16:15:10,015 - ai - INFO - ✓ AI response received (130 characters)
2025-10-30 16:15:10,015 - ai - INFO - ✓ Request completed in 3.21s
2025-10-30 16:15:10,016 - main - INFO - ✓ Chat response sent to 127.0.0.1 (3.21s)
2025-10-31 14:40:10,822 - ai - INFO - ✓ Environment variables validated successfully
2025-10-31 14:40:10,891 - ai - INFO - ✓ AI models initialized successfully
2025-10-31 14:40:10,891 - ai - INFO - ============================================================
2025-10-31 14:40:10,891 - ai - INFO - MinAI initialized successfully
2025-10-31 14:40:10,892 - ai - INFO - Config: MAX_MESSAGES=14, KEEP_LAST=6
2025-10-31 14:40:10,892 - ai - INFO - ============================================================
2025-10-31 14:40:10,893 - main - INFO - ✓ Static files mounted from: /home/riturajprofile/chatbot/basic-ai/static
2025-10-31 14:40:10,913 - main - INFO - ============================================================
2025-10-31 14:40:10,913 - main - INFO - MinAI API Server Starting
2025-10-31 14:40:10,913 - main - INFO - Static directory: /home/riturajprofile/chatbot/basic-ai/static
2025-10-31 14:40:10,914 - main - INFO - Max file size: 10.0MB
2025-10-31 14:40:10,914 - main - INFO - Max message length: 10000 chars
2025-10-31 14:40:10,914 - main - INFO - ============================================================
2025-10-31 14:40:18,283 - main - INFO - Chat request from 127.0.0.1 - Mode: standard
2025-10-31 14:40:18,284 - ai - INFO - Processing request - User: 127.0.0.1, Mode: standard
2025-10-31 14:40:18,284 - ai - INFO - Initialized new history for user: 127.0.0.1
2025-10-31 14:40:18,285 - ai - INFO - Calling AI model for user: 127.0.0.1
2025-10-31 14:40:21,616 - httpx - INFO - HTTP Request: POST https://aipipe.org/openrouter/v1/chat/completions "HTTP/1.1 200 OK"
2025-10-31 14:40:21,634 - ai - INFO - ✓ AI response received (34 characters)
2025-10-31 14:40:21,634 - ai - INFO - ✓ Request completed in 3.35s
2025-10-31 14:40:21,635 - main - INFO - ✓ Chat response sent to 127.0.0.1 (3.35s)
2025-10-31 14:40:32,517 - main - INFO - Chat request from 127.0.0.1 - Mode: learning
2025-10-31 14:40:32,518 - ai - INFO - Processing request - User: 127.0.0.1, Mode: learning
2025-10-31 14:40:32,518 - ai - INFO - Calling AI model for user: 127.0.0.1
2025-10-31 14:40:38,042 - httpx - INFO - HTTP Request: POST https://aipipe.org/openrouter/v1/chat/completions "HTTP/1.1 200 OK"
2025-10-31 14:40:38,700 - ai - INFO - ✓ AI response received (1427 characters)
2025-10-31 14:40:38,701 - ai - INFO - ✓ Request completed in 6.18s
2025-10-31 14:40:38,701 - main - INFO - ✓ Chat response sent to 127.0.0.1 (6.18s)
2025-10-31 14:43:46,456 - main - INFO - MinAI API Server Shutting Down
2025-10-31 14:45:04,850 - ai - INFO - ✓ Environment variables validated successfully
2025-10-31 14:45:04,891 - ai - INFO - ✓ AI models initialized successfully
2025-10-31 14:45:04,891 - ai - INFO - ============================================================
2025-10-31 14:45:04,892 - ai - INFO - MinAI initialized successfully
2025-10-31 14:45:04,892 - ai - INFO - Config: MAX_MESSAGES=14, KEEP_LAST=6
2025-10-31 14:45:04,892 - ai - INFO - ============================================================
2025-10-31 14:45:04,893 - main - INFO - ✓ Static files mounted from: /home/riturajprofile/chatbot/basic-ai/static
2025-10-31 14:45:04,903 - main - INFO - ============================================================
2025-10-31 14:45:04,903 - main - INFO - MinAI API Server Starting
2025-10-31 14:45:04,903 - main - INFO - Static directory: /home/riturajprofile/chatbot/basic-ai/static
2025-10-31 14:45:04,904 - main - INFO - Max file size: 10.0MB
2025-10-31 14:45:04,904 - main - INFO - Max message length: 10000 chars
2025-10-31 14:45:04,904 - main - INFO - ============================================================
2025-10-31 14:45:13,202 - main - INFO - Chat request from 127.0.0.1 - Mode: learning
2025-10-31 14:45:13,203 - ai - INFO - Processing request - User: 127.0.0.1, Mode: learning
2025-10-31 14:45:13,203 - ai - INFO - Initialized new history for user: 127.0.0.1
2025-10-31 14:45:13,204 - ai - INFO - Calling AI model for user: 127.0.0.1
2025-10-31 14:45:17,063 - httpx - INFO - HTTP Request: POST https://aipipe.org/openrouter/v1/chat/completions "HTTP/1.1 200 OK"
2025-10-31 14:45:17,074 - ai - INFO - ✓ AI response received (34 characters)
2025-10-31 14:45:17,074 - ai - INFO - ✓ Request completed in 3.87s
2025-10-31 14:45:17,075 - main - INFO - ✓ Chat response sent to 127.0.0.1 (3.87s)
2025-10-31 14:45:36,232 - main - INFO - Chat request from 127.0.0.1 - Mode: learning
2025-10-31 14:45:36,233 - ai - INFO - Processing request - User: 127.0.0.1, Mode: learning
2025-10-31 14:45:36,234 - ai - INFO - Calling AI model for user: 127.0.0.1
2025-10-31 14:45:41,105 - httpx - INFO - HTTP Request: POST https://aipipe.org/openrouter/v1/chat/completions "HTTP/1.1 200 OK"
2025-10-31 14:45:41,107 - ai - INFO - ✓ AI response received (953 characters)
2025-10-31 14:45:41,108 - ai - INFO - ✓ Request completed in 4.88s
2025-10-31 14:45:41,108 - main - INFO - ✓ Chat response sent to 127.0.0.1 (4.88s)
2025-10-31 14:51:52,567 - main - INFO - Chat request from 127.0.0.1 - Mode: learning
2025-10-31 14:51:52,568 - ai - INFO - Processing request - User: 127.0.0.1, Mode: learning
2025-10-31 14:51:52,570 - ai - INFO - Calling AI model for user: 127.0.0.1
2025-10-31 14:51:55,600 - httpx - INFO - HTTP Request: POST https://aipipe.org/openrouter/v1/chat/completions "HTTP/1.1 200 OK"
2025-10-31 14:51:56,431 - ai - INFO - ✓ AI response received (306 characters)
2025-10-31 14:51:56,431 - ai - INFO - ✓ Request completed in 3.86s
2025-10-31 14:51:56,432 - main - INFO - ✓ Chat response sent to 127.0.0.1 (3.86s)
2025-10-31 14:53:46,189 - main - INFO - Chat request from 127.0.0.1 - Mode: learning
2025-10-31 14:53:46,190 - ai - INFO - Processing request - User: 127.0.0.1, Mode: learning
2025-10-31 14:53:46,190 - ai - INFO - Calling AI model for user: 127.0.0.1
2025-10-31 14:53:48,574 - httpx - INFO - HTTP Request: POST https://aipipe.org/openrouter/v1/chat/completions "HTTP/1.1 200 OK"
2025-10-31 14:53:48,576 - ai - INFO - ✓ AI response received (141 characters)
2025-10-31 14:53:48,576 - ai - INFO - ✓ Request completed in 2.39s
2025-10-31 14:53:48,577 - main - INFO - ✓ Chat response sent to 127.0.0.1 (2.39s)
2025-10-31 14:55:46,786 - main - INFO - Chat request from 127.0.0.1 - Mode: standard
2025-10-31 14:55:46,787 - ai - INFO - Processing request - User: 127.0.0.1, Mode: standard
2025-10-31 14:55:46,787 - ai - INFO - Calling AI model for user: 127.0.0.1
2025-10-31 14:55:50,044 - httpx - INFO - HTTP Request: POST https://aipipe.org/openrouter/v1/chat/completions "HTTP/1.1 200 OK"
2025-10-31 14:55:50,988 - ai - INFO - ✓ AI response received (249 characters)
2025-10-31 14:55:50,988 - ai - INFO - ✓ Request completed in 4.20s
2025-10-31 14:55:50,989 - main - INFO - ✓ Chat response sent to 127.0.0.1 (4.20s)
2025-10-31 14:56:24,935 - main - INFO - Chat request from 127.0.0.1 - Mode: standard
2025-10-31 14:56:24,936 - ai - INFO - Processing request - User: 127.0.0.1, Mode: standard
2025-10-31 14:56:24,937 - ai - INFO - Calling AI model for user: 127.0.0.1
2025-10-31 14:56:33,439 - httpx - INFO - HTTP Request: POST https://aipipe.org/openrouter/v1/chat/completions "HTTP/1.1 200 OK"
2025-10-31 14:56:33,441 - ai - INFO - ✓ AI response received (888 characters)
2025-10-31 14:56:33,442 - ai - INFO - ✓ Request completed in 8.51s
2025-10-31 14:56:33,442 - main - INFO - ✓ Chat response sent to 127.0.0.1 (8.51s)
2025-10-31 15:01:51,680 - main - INFO - MinAI API Server Shutting Down
